<?xml version="1.0" encoding="UTF-8"?>
<testsuite name="EtlTest" tests="4" skipped="0" failures="0" errors="0" timestamp="2015-05-23T21:38:38" hostname="Rootuls-MacBook-Pro.local" time="0.082">
  <properties/>
  <testcase name="testTransformOneValue" classname="EtlTest" time="0.071"/>
  <testcase name="testMoreKeys" classname="EtlTest" time="0.008"/>
  <testcase name="testTransformMoreValues" classname="EtlTest" time="0.0"/>
  <testcase name="testFullDataset" classname="EtlTest" time="0.001"/>
  <system-out><![CDATA[]]></system-out>
  <system-err><![CDATA[]]></system-err>
</testsuite>
