<?xml version="1.0" encoding="UTF-8"?>
<testsuite name="SieveTest" tests="3" skipped="0" failures="0" errors="0" timestamp="2015-08-27T18:52:49" hostname="rpatel-mbp" time="0.011">
  <properties/>
  <testcase name="findPrimesUpTo10" classname="SieveTest" time="0.001"/>
  <testcase name="findPrimesUpTo1000" classname="SieveTest" time="0.01"/>
  <testcase name="findFirstPrime" classname="SieveTest" time="0.0"/>
  <system-out><![CDATA[]]></system-out>
  <system-err><![CDATA[]]></system-err>
</testsuite>
