<?xml version="1.0" encoding="UTF-8"?>
<testsuite name="LuhnTest" tests="10" skipped="0" failures="0" errors="0" timestamp="2015-09-02T01:32:24" hostname="Rootuls-MacBook-Pro.local" time="0.089">
  <properties/>
  <testcase name="addendsDoublesEveryOtherNumberFromRight" classname="LuhnTest" time="0.085"/>
  <testcase name="checkSumAddsAddendsTogether1" classname="LuhnTest" time="0.0"/>
  <testcase name="checkSumAddsAddendsTogether2" classname="LuhnTest" time="0.0"/>
  <testcase name="numberIsValidWhenChecksumMod10IsZero1" classname="LuhnTest" time="0.0"/>
  <testcase name="numberIsValidWhenChecksumMod10IsZero2" classname="LuhnTest" time="0.0"/>
  <testcase name="luhnCanCreateSimpleNumbersWithValidCheckDigit" classname="LuhnTest" time="0.0"/>
  <testcase name="addendsSubtracts9WhenDoubledNumberIsMoreThan9" classname="LuhnTest" time="0.0"/>
  <testcase name="checkDigitIsRightMostDigit" classname="LuhnTest" time="0.0"/>
  <testcase name="luhnCanCreateLargeNumbersWithValidCheckDigit" classname="LuhnTest" time="0.001"/>
  <testcase name="luhnCanCreateHugeNumbersWithValidCheckDigit" classname="LuhnTest" time="0.0"/>
  <system-out><![CDATA[]]></system-out>
  <system-err><![CDATA[]]></system-err>
</testsuite>
