<?xml version="1.0" encoding="UTF-8"?>
<testsuite name="IncorrectKeyCipherTest" tests="10" skipped="0" failures="0" errors="0" timestamp="2015-08-27T20:17:18" hostname="rpatel-mbp" time="0.028">
  <properties/>
  <testcase name="cipherThrowsWithAnyCapsKey" classname="IncorrectKeyCipherTest" time="0.003"/>
  <testcase name="cipherThrowsWithAllCapsKey" classname="IncorrectKeyCipherTest" time="0.0"/>
  <testcase name="cipherThrowsWithEmptyKey" classname="IncorrectKeyCipherTest" time="0.0"/>
  <testcase name="cipherThrowsWithNumericKey" classname="IncorrectKeyCipherTest" time="0.0"/>
  <testcase name="cipherThrowsWithAnyNumericKey" classname="IncorrectKeyCipherTest" time="0.001"/>
  <testcase name="cipherThrowsWithAnyCapsKey" classname="IncorrectKeyCipherTest" time="0.0"/>
  <testcase name="cipherThrowsWithAllCapsKey" classname="IncorrectKeyCipherTest" time="0.0"/>
  <testcase name="cipherThrowsWithEmptyKey" classname="IncorrectKeyCipherTest" time="0.0"/>
  <testcase name="cipherThrowsWithNumericKey" classname="IncorrectKeyCipherTest" time="0.0"/>
  <testcase name="cipherThrowsWithAnyNumericKey" classname="IncorrectKeyCipherTest" time="0.0"/>
  <system-out><![CDATA[]]></system-out>
  <system-err><![CDATA[]]></system-err>
</testsuite>
