<?xml version="1.0" encoding="UTF-8"?>
<testsuite name="AnagramTest" tests="10" skipped="0" failures="0" errors="0" timestamp="2015-05-31T18:41:03" hostname="Rootuls-MacBook-Pro.local" time="0.021">
  <properties/>
  <testcase name="testNoMatches" classname="AnagramTest" time="0.003"/>
  <testcase name="testEliminateAnagramSubsets" classname="AnagramTest" time="0.0"/>
  <testcase name="testMultipleAnagrams" classname="AnagramTest" time="0.005"/>
  <testcase name="testAnagramsAreCaseInsensitive" classname="AnagramTest" time="0.0"/>
  <testcase name="testSimpleAnagram" classname="AnagramTest" time="0.0"/>
  <testcase name="testDetectMultipleAnagrams" classname="AnagramTest" time="0.001"/>
  <testcase name="testDoesNotConfuseDifferentDuplicates" classname="AnagramTest" time="0.0"/>
  <testcase name="testIdenticalWordIsNotAnagram" classname="AnagramTest" time="0.002"/>
  <testcase name="testEliminateAnagramsWithSameChecksum" classname="AnagramTest" time="0.0"/>
  <testcase name="testDetectAnagrams" classname="AnagramTest" time="0.001"/>
  <system-out><![CDATA[word = diaper
word2 = hello
sorted = adeipr
sorted2 = ehllo
sorted equality = false
true
word = diaper
word2 = world
sorted = adeipr
sorted2 = dlorw
sorted equality = false
true
word = diaper
word2 = zombies
sorted = adeipr
sorted2 = beimosz
sorted equality = false
true
word = diaper
word2 = pants
sorted = adeipr
sorted2 = anpst
sorted equality = false
true
word = good
word2 = dog
sorted = dgoo
sorted2 = dgo
sorted equality = false
true
word = good
word2 = goody
sorted = dgoo
sorted2 = dgooy
sorted equality = false
true
word = allergy
word2 = gallery
sorted = aegllry
sorted2 = aegllry
sorted equality = true
true
word = allergy
word2 = ballerina
sorted = aegllry
sorted2 = aabeillnr
sorted equality = false
true
word = allergy
word2 = regally
sorted = aegllry
sorted2 = aegllry
sorted equality = true
true
word = allergy
word2 = clergy
sorted = aegllry
sorted2 = ceglry
sorted equality = false
true
word = allergy
word2 = largely
sorted = aegllry
sorted2 = aegllry
sorted equality = true
true
word = allergy
word2 = leading
sorted = aegllry
sorted2 = adegiln
sorted equality = false
true
word = orchestra
word2 = cashregister
sorted = acehorrst
sorted2 = aceeghirrsst
sorted equality = false
true
word = orchestra
word2 = Carthorse
sorted = acehorrst
sorted2 = acehorrst
sorted equality = true
true
word = orchestra
word2 = radishes
sorted = acehorrst
sorted2 = adehirss
sorted equality = false
true
word = ant
word2 = tan
sorted = ant
sorted2 = ant
sorted equality = true
true
word = ant
word2 = stand
sorted = ant
sorted2 = adnst
sorted equality = false
true
word = ant
word2 = at
sorted = ant
sorted2 = at
sorted equality = false
true
word = master
word2 = stream
sorted = aemrst
sorted2 = aemrst
sorted equality = true
true
word = master
word2 = pigeon
sorted = aemrst
sorted2 = eginop
sorted equality = false
true
word = master
word2 = maters
sorted = aemrst
sorted2 = aemrst
sorted equality = true
true
word = galea
word2 = eagle
sorted = aaegl
sorted2 = aeegl
sorted equality = false
true
word = corn
word2 = corn
sorted = cnor
sorted2 = cnor
sorted equality = true
true
word = corn
word2 = dark
sorted = cnor
sorted2 = adkr
sorted equality = false
true
word = corn
word2 = Corn
sorted = cnor
sorted2 = cnor
sorted equality = true
true
word = corn
word2 = rank
sorted = cnor
sorted2 = aknr
sorted equality = false
true
word = corn
word2 = CORN
sorted = cnor
sorted2 = cnor
sorted equality = true
true
word = corn
word2 = cron
sorted = cnor
sorted2 = cnor
sorted equality = true
true
word = corn
word2 = park
sorted = cnor
sorted2 = akpr
sorted equality = false
true
word = mass
word2 = last
sorted = amss
sorted2 = alst
sorted equality = false
true
word = listen
word2 = enlists
sorted = eilnst
sorted2 = eilnsst
sorted equality = false
true
word = listen
word2 = google
sorted = eilnst
sorted2 = eggloo
sorted equality = false
true
word = listen
word2 = inlets
sorted = eilnst
sorted2 = eilnst
sorted equality = true
true
word = listen
word2 = banana
sorted = eilnst
sorted2 = aaabnn
sorted equality = false
true
]]></system-out>
  <system-err><![CDATA[]]></system-err>
</testsuite>
