<?xml version="1.0" encoding="UTF-8"?>
<testsuite name="HammingTest" tests="9" skipped="0" failures="0" errors="0" timestamp="2015-06-01T03:18:14" hostname="Rootuls-MacBook-Pro.local" time="0.022">
  <properties/>
  <testcase name="testNoDifferenceBetweenIdenticalStrands" classname="HammingTest" time="0.007"/>
  <testcase name="testCompleteHammingDistanceForSmallStrand" classname="HammingTest" time="0.001"/>
  <testcase name="testSmallHammingDistance" classname="HammingTest" time="0.0"/>
  <testcase name="testSmallHammingDistanceInLongerStrand" classname="HammingTest" time="0.0"/>
  <testcase name="testValidatesFirstStrandNotLonger" classname="HammingTest" time="0.001"/>
  <testcase name="testValidatesOtherStrandNotLonger" classname="HammingTest" time="0.001"/>
  <testcase name="testLargeHammingDistance" classname="HammingTest" time="0.0"/>
  <testcase name="testHammingDistanceInVeryLongStrand" classname="HammingTest" time="0.001"/>
  <testcase name="testCompleteHammingDistanceOfForSingleNucleotideStrand" classname="HammingTest" time="0.0"/>
  <system-out><![CDATA[]]></system-out>
  <system-err><![CDATA[]]></system-err>
</testsuite>
