<?xml version="1.0" encoding="UTF-8"?>
<testsuite name="OctalTest" tests="14" skipped="0" failures="0" errors="0" timestamp="2015-08-31T23:56:13" hostname="Rootuls-MacBook-Pro.local" time="0.012">
  <properties/>
  <testcase name="test[0]" classname="OctalTest" time="0.002"/>
  <testcase name="test[1]" classname="OctalTest" time="0.0"/>
  <testcase name="test[2]" classname="OctalTest" time="0.0"/>
  <testcase name="test[3]" classname="OctalTest" time="0.001"/>
  <testcase name="test[4]" classname="OctalTest" time="0.0"/>
  <testcase name="test[5]" classname="OctalTest" time="0.0"/>
  <testcase name="test[6]" classname="OctalTest" time="0.0"/>
  <testcase name="test[7]" classname="OctalTest" time="0.0"/>
  <testcase name="test[8]" classname="OctalTest" time="0.0"/>
  <testcase name="test[9]" classname="OctalTest" time="0.0"/>
  <testcase name="test[10]" classname="OctalTest" time="0.0"/>
  <testcase name="test[11]" classname="OctalTest" time="0.0"/>
  <testcase name="test[12]" classname="OctalTest" time="0.0"/>
  <testcase name="test[13]" classname="OctalTest" time="0.0"/>
  <system-out><![CDATA[]]></system-out>
  <system-err><![CDATA[]]></system-err>
</testsuite>
